[2022-02-08 22:02:45] [Client/INFO] Program entry found.
[2022-02-08 22:02:45] [Client/INFO] Main class loading: successful.
[2022-02-08 22:02:45] [Client/INFO] ShowTipBox showed: type number:001, state: successful.
[2022-02-08 22:02:45] [Client/INFO] ShowTipBox showed: type number:002, state: successful.
[2022-02-08 22:02:45] [Client/INFO] ShowIssueFeedbackBox showed: type number:003, state: successful.
[2022-02-08 22:02:45] [Client/INFO] Set variable: name: _return0, var number: 001, state: successful.
[2022-02-08 22:02:45] [Client/INFO] ShowChoiceBox showed: type number:004, state: successful.
[2022-02-08 22:02:45] [Client/INFO] Reassignment variable: name: _return0, Reassignment content: [string]'zh-CN', var number: 001, state: successful.
[2022-02-08 22:02:45] [Client/INFO] Prepare to loading resources. progress: 0%
[2022-02-08 22:02:45] [Client/INFO] Prepare to loading resources. progress: 10%
[2022-02-08 22:02:45] [Client/INFO] Prepare to loading resources. progress: 25%
[2022-02-08 22:02:45] [Client/INFO] Prepare to loading resources. progress: 30%
[2022-02-08 22:02:45] [Client/INFO] Prepare to loading resources. progress: 45%
[2022-02-08 22:02:45] [Client/INFO] Prepare to loading resources. progress: 60%
[2022-02-08 22:02:45] [Client/INFO] Prepare to loading resources. progress: 75%
[2022-02-08 22:02:45] [Client/INFO] Prepare to loading resources. progress: 95%
[2022-02-08 22:02:45] [Client/INFO] Prepare to loading resources. progress: 100%
[2022-02-08 22:02:45] [Client/INFO] Prepare to loading resources. state: successful.
[2022-02-08 22:02:45] [Client/INFO] Has entered the simplified Chinese environment.
[2022-02-08 22:02:45] [Client/INFO] Language pack loaded successfully.
[2022-02-08 22:02:45] [Client/INFO] Initializing...
[2022-02-08 22:02:45] [Client/INFO] Loading resources...
[2022-02-08 22:02:45] [Client/INFO] Evoke progress bar module
[2022-02-08 22:02:45] [Client/INFO] The progress bar module has been recalled.
[2022-02-08 22:02:45] [Client/INFO] The progress bar has been recalled.
